<?xml version="1.0" encoding="UTF-8"?>
<!-- Generated by org.testng.reporters.JUnitReportReporter -->
<testsuite hostname="DESKTOP-FKNOICC" failures="0" tests="5" name="demoblazeExecute.loginExecute" time="67.763" errors="0" timestamp="2025-01-30T23:16:38 EET" skipped="0">
  <testcase classname="demoblazeExecute.loginExecute" name="validLogin" time="15.366"/>
  <testcase classname="demoblazeExecute.loginExecute" name="invalidLoginbyusernameBlank" time="10.725"/>
  <testcase classname="demoblazeExecute.loginExecute" name="invalidLoginbypassword" time="18.040"/>
  <testcase classname="demoblazeExecute.loginExecute" name="invalidLoginbypasswordBlank" time="13.032"/>
  <testcase classname="demoblazeExecute.loginExecute" name="invalidLoginbyBlankdata" time="10.600"/>
</testsuite> <!-- demoblazeExecute.loginExecute -->
