<?xml version="1.0" encoding="UTF-8"?>
<!-- Generated by org.testng.reporters.JUnitReportReporter -->
<testsuite hostname="DESKTOP-FKNOICC" failures="0" tests="1" name="demoblazeExecute.addcartExecute" time="28.908" errors="0" timestamp="2025-01-30T23:17:33 EET" skipped="0">
  <testcase classname="demoblazeExecute.addcartExecute" name="purhaseprocess" time="28.908"/>
</testsuite> <!-- demoblazeExecute.addcartExecute -->
