<?xml version="1.0" encoding="UTF-8"?>
<!-- Generated by org.testng.reporters.JUnitReportReporter -->
<testsuite hostname="DESKTOP-FKNOICC" failures="0" tests="1" name="demoblazeExecute.logoutExecute" time="16.498" errors="0" timestamp="2025-01-30T23:18:17 EET" skipped="0">
  <testcase classname="demoblazeExecute.logoutExecute" name="logout" time="16.498"/>
</testsuite> <!-- demoblazeExecute.logoutExecute -->
