<?xml version="1.0" encoding="UTF-8"?>
<!-- Generated by org.testng.reporters.JUnitReportReporter -->
<testsuite hostname="DESKTOP-FKNOICC" failures="0" tests="3" name="demoblazeExecute.signupExecute" time="38.326" errors="0" timestamp="2025-01-30T23:19:14 EET" skipped="0">
  <testcase classname="demoblazeExecute.signupExecute" name="validRegistration" time="11.557"/>
  <testcase classname="demoblazeExecute.signupExecute" name="invalidRegistrationUsernameMissing" time="11.501"/>
  <testcase classname="demoblazeExecute.signupExecute" name="invalidRegistrationPasswordMissing" time="15.268"/>
</testsuite> <!-- demoblazeExecute.signupExecute -->
